2020-07-14 09:44:08.523 [Thread-3] INFO  o.s.scheduling.concurrent.ThreadPoolTaskExecutor - Shutting down ExecutorService 'applicationTaskExecutor'
2020-07-14 09:44:08.533 [Thread-3] INFO  com.zaxxer.hikari.HikariDataSource - HikariPool-1 - Shutdown initiated...
2020-07-14 09:44:08.547 [Thread-3] INFO  com.zaxxer.hikari.HikariDataSource - HikariPool-1 - Shutdown completed.
2020-07-14 09:45:25.767 [main] INFO  com.jaytest.JaytestApplication - Starting JaytestApplication on 192.168.1.101 with PID 26317 (/Users/zhangjie/Desktop/project/jaytest/target/classes started by zhangjie in /Users/zhangjie/Desktop/project/jaytest)
2020-07-14 09:45:25.771 [main] INFO  com.jaytest.JaytestApplication - No active profile set, falling back to default profiles: default
2020-07-14 09:45:27.473 [main] INFO  o.s.boot.web.embedded.tomcat.TomcatWebServer - Tomcat initialized with port(s): 8081 (http)
2020-07-14 09:45:27.491 [main] INFO  org.apache.coyote.http11.Http11NioProtocol - Initializing ProtocolHandler ["http-nio-8081"]
2020-07-14 09:45:27.505 [main] INFO  org.apache.catalina.core.StandardService - Starting service [Tomcat]
2020-07-14 09:45:27.505 [main] INFO  org.apache.catalina.core.StandardEngine - Starting Servlet engine: [Apache Tomcat/9.0.19]
2020-07-14 09:45:27.632 [main] INFO  o.a.c.core.ContainerBase.[Tomcat].[localhost].[/] - Initializing Spring embedded WebApplicationContext
2020-07-14 09:45:27.633 [main] INFO  org.springframework.web.context.ContextLoader - Root WebApplicationContext: initialization completed in 1750 ms
2020-07-14 09:45:28.231 [main] INFO  o.s.scheduling.concurrent.ThreadPoolTaskExecutor - Initializing ExecutorService 'applicationTaskExecutor'
2020-07-14 09:45:28.491 [main] INFO  org.apache.coyote.http11.Http11NioProtocol - Starting ProtocolHandler ["http-nio-8081"]
2020-07-14 09:45:28.534 [main] INFO  o.s.boot.web.embedded.tomcat.TomcatWebServer - Tomcat started on port(s): 8081 (http) with context path ''
2020-07-14 09:45:28.538 [main] INFO  com.jaytest.JaytestApplication - Started JaytestApplication in 3.562 seconds (JVM running for 4.205)
2020-07-14 09:45:35.682 [http-nio-8081-exec-1] INFO  o.a.c.core.ContainerBase.[Tomcat].[localhost].[/] - Initializing Spring DispatcherServlet 'dispatcherServlet'
2020-07-14 09:45:35.682 [http-nio-8081-exec-1] INFO  org.springframework.web.servlet.DispatcherServlet - Initializing Servlet 'dispatcherServlet'
2020-07-14 09:45:35.692 [http-nio-8081-exec-1] INFO  org.springframework.web.servlet.DispatcherServlet - Completed initialization in 10 ms
2020-07-14 09:45:35.742 [http-nio-8081-exec-1] INFO  com.jaytest.controller.DemoController - 哈哈哈哈哈哈哈哈哈在重中之重重中之重
2020-07-14 09:45:35.766 [http-nio-8081-exec-1] INFO  com.zaxxer.hikari.HikariDataSource - HikariPool-1 - Starting...
2020-07-14 09:45:36.094 [http-nio-8081-exec-1] INFO  com.zaxxer.hikari.pool.PoolBase - HikariPool-1 - Driver does not support get/set network timeout for connections. (com.mysql.jdbc.JDBC4Connection.getNetworkTimeout()I)
2020-07-14 09:45:36.102 [http-nio-8081-exec-1] INFO  com.zaxxer.hikari.HikariDataSource - HikariPool-1 - Start completed.
2020-07-14 09:45:52.801 [http-nio-8081-exec-2] INFO  com.jaytest.controller.DemoController - 哈哈哈哈哈哈哈哈哈在重中之重重中之重
2020-07-14 09:46:09.100 [Thread-3] INFO  o.s.scheduling.concurrent.ThreadPoolTaskExecutor - Shutting down ExecutorService 'applicationTaskExecutor'
2020-07-14 09:46:09.102 [Thread-3] INFO  com.zaxxer.hikari.HikariDataSource - HikariPool-1 - Shutdown initiated...
2020-07-14 09:46:09.129 [Thread-3] INFO  com.zaxxer.hikari.HikariDataSource - HikariPool-1 - Shutdown completed.
2020-07-14 09:46:15.462 [main] INFO  com.jaytest.JaytestApplication - Starting JaytestApplication on 192.168.1.101 with PID 26325 (/Users/zhangjie/Desktop/project/jaytest/target/classes started by zhangjie in /Users/zhangjie/Desktop/project/jaytest)
2020-07-14 09:46:15.465 [main] INFO  com.jaytest.JaytestApplication - No active profile set, falling back to default profiles: default
2020-07-14 09:46:17.181 [main] INFO  o.s.boot.web.embedded.tomcat.TomcatWebServer - Tomcat initialized with port(s): 8081 (http)
2020-07-14 09:46:17.209 [main] INFO  org.apache.coyote.http11.Http11NioProtocol - Initializing ProtocolHandler ["http-nio-8081"]
2020-07-14 09:46:17.229 [main] INFO  org.apache.catalina.core.StandardService - Starting service [Tomcat]
2020-07-14 09:46:17.230 [main] INFO  org.apache.catalina.core.StandardEngine - Starting Servlet engine: [Apache Tomcat/9.0.19]
2020-07-14 09:46:17.369 [main] INFO  o.a.c.core.ContainerBase.[Tomcat].[localhost].[/] - Initializing Spring embedded WebApplicationContext
2020-07-14 09:46:17.369 [main] INFO  org.springframework.web.context.ContextLoader - Root WebApplicationContext: initialization completed in 1804 ms
2020-07-14 09:46:17.926 [main] INFO  o.s.scheduling.concurrent.ThreadPoolTaskExecutor - Initializing ExecutorService 'applicationTaskExecutor'
2020-07-14 09:46:18.156 [main] INFO  org.apache.coyote.http11.Http11NioProtocol - Starting ProtocolHandler ["http-nio-8081"]
2020-07-14 09:46:18.202 [main] INFO  o.s.boot.web.embedded.tomcat.TomcatWebServer - Tomcat started on port(s): 8081 (http) with context path ''
2020-07-14 09:46:18.206 [main] INFO  com.jaytest.JaytestApplication - Started JaytestApplication in 3.745 seconds (JVM running for 4.555)
2020-07-14 09:46:41.866 [http-nio-8081-exec-1] INFO  o.a.c.core.ContainerBase.[Tomcat].[localhost].[/] - Initializing Spring DispatcherServlet 'dispatcherServlet'
2020-07-14 09:46:41.867 [http-nio-8081-exec-1] INFO  org.springframework.web.servlet.DispatcherServlet - Initializing Servlet 'dispatcherServlet'
2020-07-14 09:46:41.876 [http-nio-8081-exec-1] INFO  org.springframework.web.servlet.DispatcherServlet - Completed initialization in 9 ms
2020-07-14 09:46:41.912 [http-nio-8081-exec-1] INFO  com.jaytest.controller.DemoController - 哈哈哈哈哈哈哈哈哈在重中之重重中之重
2020-07-14 09:46:41.935 [http-nio-8081-exec-1] INFO  com.zaxxer.hikari.HikariDataSource - HikariPool-1 - Starting...
2020-07-14 09:46:42.191 [http-nio-8081-exec-1] INFO  com.zaxxer.hikari.pool.PoolBase - HikariPool-1 - Driver does not support get/set network timeout for connections. (com.mysql.jdbc.JDBC4Connection.getNetworkTimeout()I)
2020-07-14 09:46:42.197 [http-nio-8081-exec-1] INFO  com.zaxxer.hikari.HikariDataSource - HikariPool-1 - Start completed.
2020-07-14 10:15:09.749 [http-nio-8081-exec-4] INFO  com.jaytest.controller.DemoController - 哈哈哈哈哈哈哈哈哈在重中之重重中之重
2020-07-14 10:15:54.036 [Thread-3] INFO  o.s.scheduling.concurrent.ThreadPoolTaskExecutor - Shutting down ExecutorService 'applicationTaskExecutor'
2020-07-14 10:15:54.041 [Thread-3] INFO  com.zaxxer.hikari.HikariDataSource - HikariPool-1 - Shutdown initiated...
2020-07-14 10:15:54.072 [Thread-3] INFO  com.zaxxer.hikari.HikariDataSource - HikariPool-1 - Shutdown completed.
2020-07-14 10:15:58.989 [main] INFO  com.jaytest.JaytestApplication - Starting JaytestApplication on 192.168.1.101 with PID 26431 (/Users/zhangjie/Desktop/project/jaytest/target/classes started by zhangjie in /Users/zhangjie/Desktop/project/jaytest)
2020-07-14 10:15:58.993 [main] INFO  com.jaytest.JaytestApplication - No active profile set, falling back to default profiles: default
2020-07-14 10:16:00.573 [main] INFO  o.s.boot.web.embedded.tomcat.TomcatWebServer - Tomcat initialized with port(s): 8081 (http)
2020-07-14 10:16:00.590 [main] INFO  org.apache.coyote.http11.Http11NioProtocol - Initializing ProtocolHandler ["http-nio-8081"]
2020-07-14 10:16:00.603 [main] INFO  org.apache.catalina.core.StandardService - Starting service [Tomcat]
2020-07-14 10:16:00.603 [main] INFO  org.apache.catalina.core.StandardEngine - Starting Servlet engine: [Apache Tomcat/9.0.19]
2020-07-14 10:16:00.723 [main] INFO  o.a.c.core.ContainerBase.[Tomcat].[localhost].[/] - Initializing Spring embedded WebApplicationContext
2020-07-14 10:16:00.724 [main] INFO  org.springframework.web.context.ContextLoader - Root WebApplicationContext: initialization completed in 1640 ms
2020-07-14 10:16:01.264 [main] INFO  o.s.scheduling.concurrent.ThreadPoolTaskExecutor - Initializing ExecutorService 'applicationTaskExecutor'
2020-07-14 10:16:01.565 [main] INFO  org.apache.coyote.http11.Http11NioProtocol - Starting ProtocolHandler ["http-nio-8081"]
2020-07-14 10:16:01.616 [main] INFO  o.s.boot.web.embedded.tomcat.TomcatWebServer - Tomcat started on port(s): 8081 (http) with context path ''
2020-07-14 10:16:01.620 [main] INFO  com.jaytest.JaytestApplication - Started JaytestApplication in 3.299 seconds (JVM running for 3.798)
2020-07-14 10:16:15.996 [http-nio-8081-exec-1] INFO  o.a.c.core.ContainerBase.[Tomcat].[localhost].[/] - Initializing Spring DispatcherServlet 'dispatcherServlet'
2020-07-14 10:16:15.997 [http-nio-8081-exec-1] INFO  org.springframework.web.servlet.DispatcherServlet - Initializing Servlet 'dispatcherServlet'
2020-07-14 10:16:16.008 [http-nio-8081-exec-1] INFO  org.springframework.web.servlet.DispatcherServlet - Completed initialization in 11 ms
2020-07-14 10:16:16.062 [http-nio-8081-exec-1] INFO  com.jaytest.controller.DemoController - ！！！哈哈哈哈哈哈哈哈哈在重中之重重中之重
2020-07-14 10:16:16.092 [http-nio-8081-exec-1] INFO  com.zaxxer.hikari.HikariDataSource - HikariPool-1 - Starting...
2020-07-14 10:16:16.482 [http-nio-8081-exec-1] INFO  com.zaxxer.hikari.pool.PoolBase - HikariPool-1 - Driver does not support get/set network timeout for connections. (com.mysql.jdbc.JDBC4Connection.getNetworkTimeout()I)
2020-07-14 10:16:16.497 [http-nio-8081-exec-1] INFO  com.zaxxer.hikari.HikariDataSource - HikariPool-1 - Start completed.
2020-07-14 10:17:34.109 [Thread-3] INFO  o.s.scheduling.concurrent.ThreadPoolTaskExecutor - Shutting down ExecutorService 'applicationTaskExecutor'
2020-07-14 10:17:34.111 [Thread-3] INFO  com.zaxxer.hikari.HikariDataSource - HikariPool-1 - Shutdown initiated...
2020-07-14 10:17:34.127 [Thread-3] INFO  com.zaxxer.hikari.HikariDataSource - HikariPool-1 - Shutdown completed.
